[23:13:36] [main/INFO]: Environment: authHost='https://authserver.mojang.com', accountsHost='https://api.mojang.com', sessionHost='https://sessionserver.mojang.com', name='PROD'
[23:13:36] [main/INFO]: Reloading ResourceManager: Default, bukkit
[23:13:37] [Server-Worker-4/INFO]: Loaded 7 recipes
[23:13:38] [Server thread/INFO]: Starting minecraft server version 1.16.2
[23:13:38] [Server thread/INFO]: Loading properties
[23:13:38] [Server console handler/ERROR]: [TerminalConsole] Failed to read console input
java.io.IOException: The handle is invalid
	at java.io.FileInputStream.readBytes(Native Method) ~[?:1.8.0_261]
	at java.io.FileInputStream.read(Unknown Source) ~[?:1.8.0_261]
	at java.io.BufferedInputStream.read1(Unknown Source) ~[?:1.8.0_261]
	at java.io.BufferedInputStream.read(Unknown Source) ~[?:1.8.0_261]
	at sun.nio.cs.StreamDecoder.readBytes(Unknown Source) ~[?:1.8.0_261]
	at sun.nio.cs.StreamDecoder.implRead(Unknown Source) ~[?:1.8.0_261]
	at sun.nio.cs.StreamDecoder.read(Unknown Source) ~[?:1.8.0_261]
	at java.io.InputStreamReader.read(Unknown Source) ~[?:1.8.0_261]
	at java.io.BufferedReader.fill(Unknown Source) ~[?:1.8.0_261]
	at java.io.BufferedReader.readLine(Unknown Source) ~[?:1.8.0_261]
	at java.io.BufferedReader.readLine(Unknown Source) ~[?:1.8.0_261]
	at net.minecrell.terminalconsole.SimpleTerminalConsole.readCommands(SimpleTerminalConsole.java:180) ~[Paper-1.16.2-b147.jar:git-Paper-147]
	at net.minecrell.terminalconsole.SimpleTerminalConsole.start(SimpleTerminalConsole.java:143) ~[Paper-1.16.2-b147.jar:git-Paper-147]
	at net.minecraft.server.v1_16_R2.DedicatedServer$1.run(DedicatedServer.java:66) ~[Paper-1.16.2-b147.jar:git-Paper-147]
	Suppressed: java.io.IOException: The handle is invalid
		at java.io.FileInputStream.close0(Native Method) ~[?:1.8.0_261]
		at java.io.FileInputStream.access$000(Unknown Source) ~[?:1.8.0_261]
		at java.io.FileInputStream$1.close(Unknown Source) ~[?:1.8.0_261]
		at java.io.FileDescriptor.closeAll(Unknown Source) ~[?:1.8.0_261]
		at java.io.FileInputStream.close(Unknown Source) ~[?:1.8.0_261]
		at java.io.BufferedInputStream.close(Unknown Source) ~[?:1.8.0_261]
		at sun.nio.cs.StreamDecoder.implClose(Unknown Source) ~[?:1.8.0_261]
		at sun.nio.cs.StreamDecoder.close(Unknown Source) ~[?:1.8.0_261]
		at java.io.InputStreamReader.close(Unknown Source) ~[?:1.8.0_261]
		at java.io.BufferedReader.close(Unknown Source) ~[?:1.8.0_261]
		at net.minecrell.terminalconsole.SimpleTerminalConsole.readCommands(SimpleTerminalConsole.java:183) ~[Paper-1.16.2-b147.jar:git-Paper-147]
		at net.minecrell.terminalconsole.SimpleTerminalConsole.start(SimpleTerminalConsole.java:143) ~[Paper-1.16.2-b147.jar:git-Paper-147]
		at net.minecraft.server.v1_16_R2.DedicatedServer$1.run(DedicatedServer.java:66) ~[Paper-1.16.2-b147.jar:git-Paper-147]
[23:13:38] [Server thread/INFO]: This server is running Paper version git-Paper-147 (MC: 1.16.2) (Implementing API version 1.16.2-R0.1-SNAPSHOT)
[23:13:38] [Server thread/INFO]: Server Ping Player Sample Count: 12
[23:13:38] [Server thread/INFO]: Using 4 threads for Netty based IO
[23:13:38] [Server thread/INFO]: Debug logging is disabled
[23:13:38] [Server thread/INFO]: Default game type: SURVIVAL
[23:13:38] [Server thread/INFO]: Generating keypair
[23:13:38] [Server thread/INFO]: Starting Minecraft server on *:25565
[23:13:38] [Server thread/INFO]: Using default channel type
[23:13:39] [Server thread/INFO]: Server permissions file permissions.yml is empty, ignoring it
[23:13:39] [Server thread/WARN]: **** SERVER IS RUNNING IN OFFLINE/INSECURE MODE!
[23:13:39] [Server thread/WARN]: The server will make no attempt to authenticate usernames. Beware.
[23:13:39] [Server thread/WARN]: While this makes the game possible to play without internet access, it also opens up the ability for hackers to connect with any username they choose.
[23:13:39] [Server thread/WARN]: To change this, set "online-mode" to "true" in the server.properties file.
[23:13:39] [Server thread/INFO]: Preparing level "world"
[23:13:39] [Server thread/INFO]: -------- World Settings For [world] --------
[23:13:39] [Server thread/INFO]: Entity Tracking Range: Pl 48 / An 48 / Mo 48 / Mi 32 / Other 64
[23:13:39] [Server thread/INFO]: Allow Zombie Pigmen to spawn from portal blocks: true
[23:13:39] [Server thread/INFO]: Item Merge Radius: 2.5
[23:13:39] [Server thread/INFO]: Item Despawn Rate: 6000
[23:13:39] [Server thread/INFO]: View Distance: 10
[23:13:39] [Server thread/INFO]: Mob Spawn Range: 8
[23:13:39] [Server thread/INFO]: Arrow Despawn Rate: 1200 Trident Respawn Rate:1200
[23:13:39] [Server thread/INFO]: Nerfing mobs spawned from spawners: false
[23:13:39] [Server thread/INFO]: Zombie Aggressive Towards Villager: true
[23:13:39] [Server thread/INFO]: Custom Map Seeds:  Village: 10387312 Desert: 14357617 Igloo: 14357618 Jungle: 14357619 Swamp: 14357620 Monument: 10387313 Ocean: 14357621 Shipwreck: 165745295 End City: 10387313 Slime: 987234911 Bastion: 30084232 Fortress: 30084232 Mansion: 10387319 Fossil: 14357921 Portal: 34222645
[23:13:39] [Server thread/INFO]: Cactus Growth Modifier: 100%
[23:13:39] [Server thread/INFO]: Cane Growth Modifier: 100%
[23:13:39] [Server thread/INFO]: Melon Growth Modifier: 100%
[23:13:39] [Server thread/INFO]: Mushroom Growth Modifier: 100%
[23:13:39] [Server thread/INFO]: Pumpkin Growth Modifier: 100%
[23:13:39] [Server thread/INFO]: Sapling Growth Modifier: 100%
[23:13:39] [Server thread/INFO]: Beetroot Growth Modifier: 100%
[23:13:39] [Server thread/INFO]: Carrot Growth Modifier: 100%
[23:13:39] [Server thread/INFO]: Potato Growth Modifier: 100%
[23:13:39] [Server thread/INFO]: Wheat Growth Modifier: 100%
[23:13:39] [Server thread/INFO]: NetherWart Growth Modifier: 100%
[23:13:39] [Server thread/INFO]: Vine Growth Modifier: 100%
[23:13:39] [Server thread/INFO]: Cocoa Growth Modifier: 100%
[23:13:39] [Server thread/INFO]: Bamboo Growth Modifier: 100%
[23:13:39] [Server thread/INFO]: SweetBerry Growth Modifier: 100%
[23:13:39] [Server thread/INFO]: Kelp Growth Modifier: 100%
[23:13:39] [Server thread/INFO]: Experience Merge Radius: 3.0
[23:13:39] [Server thread/INFO]: Entity Activation Range: An 32 / Mo 32 / Ra 48 / Mi 16 / Tiv true
[23:13:39] [Server thread/INFO]: Max TNT Explosions: 100
[23:13:39] [Server thread/INFO]: Tile Max Tick Time: 50ms Entity max Tick Time: 50ms
[23:13:39] [Server thread/INFO]: Hopper Transfer: 8 Hopper Check: 1 Hopper Amount: 1
[23:13:39] [Server thread/INFO]: -------- World Settings For [world_nether] --------
[23:13:39] [Server thread/INFO]: Entity Tracking Range: Pl 48 / An 48 / Mo 48 / Mi 32 / Other 64
[23:13:39] [Server thread/INFO]: Allow Zombie Pigmen to spawn from portal blocks: true
[23:13:39] [Server thread/INFO]: Item Merge Radius: 2.5
[23:13:39] [Server thread/INFO]: Item Despawn Rate: 6000
[23:13:39] [Server thread/INFO]: View Distance: 10
[23:13:39] [Server thread/INFO]: Mob Spawn Range: 8
[23:13:39] [Server thread/INFO]: Arrow Despawn Rate: 1200 Trident Respawn Rate:1200
[23:13:39] [Server thread/INFO]: Nerfing mobs spawned from spawners: false
[23:13:39] [Server thread/INFO]: Zombie Aggressive Towards Villager: true
[23:13:39] [Server thread/INFO]: Custom Map Seeds:  Village: 10387312 Desert: 14357617 Igloo: 14357618 Jungle: 14357619 Swamp: 14357620 Monument: 10387313 Ocean: 14357621 Shipwreck: 165745295 End City: 10387313 Slime: 987234911 Bastion: 30084232 Fortress: 30084232 Mansion: 10387319 Fossil: 14357921 Portal: 34222645
[23:13:39] [Server thread/INFO]: Cactus Growth Modifier: 100%
[23:13:39] [Server thread/INFO]: Cane Growth Modifier: 100%
[23:13:39] [Server thread/INFO]: Melon Growth Modifier: 100%
[23:13:39] [Server thread/INFO]: Mushroom Growth Modifier: 100%
[23:13:39] [Server thread/INFO]: Pumpkin Growth Modifier: 100%
[23:13:39] [Server thread/INFO]: Sapling Growth Modifier: 100%
[23:13:39] [Server thread/INFO]: Beetroot Growth Modifier: 100%
[23:13:39] [Server thread/INFO]: Carrot Growth Modifier: 100%
[23:13:39] [Server thread/INFO]: Potato Growth Modifier: 100%
[23:13:39] [Server thread/INFO]: Wheat Growth Modifier: 100%
[23:13:39] [Server thread/INFO]: NetherWart Growth Modifier: 100%
[23:13:39] [Server thread/INFO]: Vine Growth Modifier: 100%
[23:13:39] [Server thread/INFO]: Cocoa Growth Modifier: 100%
[23:13:39] [Server thread/INFO]: Bamboo Growth Modifier: 100%
[23:13:39] [Server thread/INFO]: SweetBerry Growth Modifier: 100%
[23:13:39] [Server thread/INFO]: Kelp Growth Modifier: 100%
[23:13:39] [Server thread/INFO]: Experience Merge Radius: 3.0
[23:13:39] [Server thread/INFO]: Entity Activation Range: An 32 / Mo 32 / Ra 48 / Mi 16 / Tiv true
[23:13:39] [Server thread/INFO]: Max TNT Explosions: 100
[23:13:39] [Server thread/INFO]: Tile Max Tick Time: 50ms Entity max Tick Time: 50ms
[23:13:39] [Server thread/INFO]: Hopper Transfer: 8 Hopper Check: 1 Hopper Amount: 1
[23:13:39] [Server thread/INFO]: -------- World Settings For [world_the_end] --------
[23:13:39] [Server thread/INFO]: Entity Tracking Range: Pl 48 / An 48 / Mo 48 / Mi 32 / Other 64
[23:13:39] [Server thread/INFO]: Allow Zombie Pigmen to spawn from portal blocks: true
[23:13:39] [Server thread/INFO]: Item Merge Radius: 2.5
[23:13:39] [Server thread/INFO]: Item Despawn Rate: 6000
[23:13:39] [Server thread/INFO]: View Distance: 10
[23:13:39] [Server thread/INFO]: Mob Spawn Range: 8
[23:13:39] [Server thread/INFO]: Arrow Despawn Rate: 1200 Trident Respawn Rate:1200
[23:13:39] [Server thread/INFO]: Nerfing mobs spawned from spawners: false
[23:13:39] [Server thread/INFO]: Zombie Aggressive Towards Villager: true
[23:13:39] [Server thread/INFO]: Custom Map Seeds:  Village: 10387312 Desert: 14357617 Igloo: 14357618 Jungle: 14357619 Swamp: 14357620 Monument: 10387313 Ocean: 14357621 Shipwreck: 165745295 End City: 10387313 Slime: 987234911 Bastion: 30084232 Fortress: 30084232 Mansion: 10387319 Fossil: 14357921 Portal: 34222645
[23:13:39] [Server thread/INFO]: Cactus Growth Modifier: 100%
[23:13:39] [Server thread/INFO]: Cane Growth Modifier: 100%
[23:13:39] [Server thread/INFO]: Melon Growth Modifier: 100%
[23:13:39] [Server thread/INFO]: Mushroom Growth Modifier: 100%
[23:13:39] [Server thread/INFO]: Pumpkin Growth Modifier: 100%
[23:13:39] [Server thread/INFO]: Sapling Growth Modifier: 100%
[23:13:39] [Server thread/INFO]: Beetroot Growth Modifier: 100%
[23:13:39] [Server thread/INFO]: Carrot Growth Modifier: 100%
[23:13:39] [Server thread/INFO]: Potato Growth Modifier: 100%
[23:13:39] [Server thread/INFO]: Wheat Growth Modifier: 100%
[23:13:39] [Server thread/INFO]: NetherWart Growth Modifier: 100%
[23:13:39] [Server thread/INFO]: Vine Growth Modifier: 100%
[23:13:39] [Server thread/INFO]: Cocoa Growth Modifier: 100%
[23:13:39] [Server thread/INFO]: Bamboo Growth Modifier: 100%
[23:13:39] [Server thread/INFO]: SweetBerry Growth Modifier: 100%
[23:13:39] [Server thread/INFO]: Kelp Growth Modifier: 100%
[23:13:39] [Server thread/INFO]: Experience Merge Radius: 3.0
[23:13:39] [Server thread/INFO]: Entity Activation Range: An 32 / Mo 32 / Ra 48 / Mi 16 / Tiv true
[23:13:39] [Server thread/INFO]: Max TNT Explosions: 100
[23:13:39] [Server thread/INFO]: Tile Max Tick Time: 50ms Entity max Tick Time: 50ms
[23:13:39] [Server thread/INFO]: Hopper Transfer: 8 Hopper Check: 1 Hopper Amount: 1
[23:13:39] [Server thread/INFO]: Preparing start region for dimension minecraft:overworld
[23:13:39] [Server thread/INFO]: Loaded 0 spawn chunks for world world
[23:13:39] [Server thread/INFO]: Time elapsed: 233 ms
[23:13:39] [Server thread/INFO]: Preparing start region for dimension minecraft:the_nether
[23:13:39] [Server thread/INFO]: Loaded 0 spawn chunks for world world_nether
[23:13:39] [Server thread/INFO]: Time elapsed: 133 ms
[23:13:39] [Server thread/INFO]: Preparing start region for dimension minecraft:the_end
[23:13:40] [Server thread/INFO]: Loaded 0 spawn chunks for world world_the_end
[23:13:40] [Server thread/INFO]: Time elapsed: 100 ms
[23:13:40] [Server thread/INFO]: Running delayed init tasks
[23:13:40] [Server thread/INFO]: Done (1.481s)! For help, type "help"
[23:13:40] [Server thread/INFO]: Timings Reset
